<?xml version="1.0" encoding="UTF-8"?>
<testng-results ignored="0" total="1" passed="1" failed="0" skipped="0">
  <reporter-output>
  </reporter-output>
  <suite started-at="2024-03-26T11:16:33 IST" name="Default suite" finished-at="2024-03-26T11:16:38 IST" duration-ms="4809">
    <groups>
    </groups>
    <test started-at="2024-03-26T11:16:33 IST" name="Default test" finished-at="2024-03-26T11:16:38 IST" duration-ms="4809">
      <class name="Testpkg.Fblogintest">
        <test-method is-config="true" signature="setup()[pri:0, instance:Testpkg.Fblogintest@3e27aa33]" started-at="2024-03-26T11:16:33 IST" name="setup" finished-at="2024-03-26T11:16:36 IST" duration-ms="2570" status="PASS">
          <reporter-output>
          </reporter-output>
        </test-method> <!-- setup -->
        <test-method signature="verifyloginwithvalidcred()[pri:0, instance:Testpkg.Fblogintest@3e27aa33]" started-at="2024-03-26T11:16:36 IST" name="verifyloginwithvalidcred" finished-at="2024-03-26T11:16:38 IST" duration-ms="2199" status="PASS">
          <reporter-output>
          </reporter-output>
        </test-method> <!-- verifyloginwithvalidcred -->
        <test-method is-config="true" signature="postcondition()[pri:0, instance:Testpkg.Fblogintest@3e27aa33]" started-at="2024-03-26T11:16:38 IST" name="postcondition" finished-at="2024-03-26T11:16:38 IST" duration-ms="1" status="PASS">
          <reporter-output>
          </reporter-output>
        </test-method> <!-- postcondition -->
      </class> <!-- Testpkg.Fblogintest -->
    </test> <!-- Default test -->
  </suite> <!-- Default suite -->
</testng-results>
